{"D:\\Workplace\\hy\\work\\Dylan_Test\\test_backend\\src\\env.js": {"path":"D:\\Workplace\\hy\\work\\Dylan_Test\\test_backend\\src\\env.js","statementMap":{"0":{"start":{"line":1,"column":24},"end":{"line":1,"column":61}},"1":{"start":{"line":3,"column":20},"end":{"line":3,"column":49}},"2":{"start":{"line":4,"column":20},"end":{"line":4,"column":44}},"3":{"start":{"line":6,"column":26},"end":{"line":6,"column":86}},"4":{"start":{"line":8,"column":27},"end":{"line":8,"column":86}}},"fnMap":{},"branchMap":{"0":{"loc":{"start":{"line":1,"column":24},"end":{"line":1,"column":61}},"type":"binary-expr","locations":[{"start":{"line":1,"column":24},"end":{"line":1,"column":44}},{"start":{"line":1,"column":48},"end":{"line":1,"column":61}}],"line":1},"1":{"loc":{"start":{"line":3,"column":20},"end":{"line":3,"column":49}},"type":"binary-expr","locations":[{"start":{"line":3,"column":20},"end":{"line":3,"column":36}},{"start":{"line":3,"column":40},"end":{"line":3,"column":49}}],"line":3},"2":{"loc":{"start":{"line":4,"column":20},"end":{"line":4,"column":44}},"type":"binary-expr","locations":[{"start":{"line":4,"column":20},"end":{"line":4,"column":36}},{"start":{"line":4,"column":40},"end":{"line":4,"column":44}}],"line":4},"3":{"loc":{"start":{"line":6,"column":26},"end":{"line":6,"column":86}},"type":"binary-expr","locations":[{"start":{"line":6,"column":26},"end":{"line":6,"column":48}},{"start":{"line":6,"column":52},"end":{"line":6,"column":86}}],"line":6},"4":{"loc":{"start":{"line":8,"column":27},"end":{"line":8,"column":86}},"type":"binary-expr","locations":[{"start":{"line":8,"column":27},"end":{"line":8,"column":50}},{"start":{"line":8,"column":54},"end":{"line":8,"column":86}}],"line":8}},"s":{"0":3,"1":3,"2":3,"3":3,"4":3},"f":{},"b":{"0":[3,0],"1":[3,3],"2":[3,3],"3":[3,3],"4":[3,3]},"_coverageSchema":"43e27e138ebf9cfc5966b082cf9a028302ed4184","hash":"28cea595573b939712847e40c0ec7516631ad42b"}
,"D:\\Workplace\\hy\\work\\Dylan_Test\\test_backend\\src\\authentication\\index.js": {"path":"D:\\Workplace\\hy\\work\\Dylan_Test\\test_backend\\src\\authentication\\index.js","statementMap":{"0":{"start":{"line":10,"column":19},"end":{"line":58,"column":4}},"1":{"start":{"line":11,"column":17},"end":{"line":11,"column":25}},"2":{"start":{"line":13,"column":2},"end":{"line":24,"column":5}},"3":{"start":{"line":14,"column":35},"end":{"line":14,"column":43}},"4":{"start":{"line":16,"column":4},"end":{"line":23,"column":5}},"5":{"start":{"line":17,"column":27},"end":{"line":17,"column":58}},"6":{"start":{"line":18,"column":19},"end":{"line":18,"column":69}},"7":{"start":{"line":19,"column":6},"end":{"line":19,"column":24}},"8":{"start":{"line":20,"column":6},"end":{"line":20,"column":73}},"9":{"start":{"line":22,"column":6},"end":{"line":22,"column":38}},"10":{"start":{"line":26,"column":2},"end":{"line":55,"column":5}},"11":{"start":{"line":27,"column":35},"end":{"line":27,"column":43}},"12":{"start":{"line":29,"column":4},"end":{"line":54,"column":5}},"13":{"start":{"line":30,"column":19},"end":{"line":30,"column":55}},"14":{"start":{"line":31,"column":6},"end":{"line":34,"column":7}},"15":{"start":{"line":32,"column":8},"end":{"line":32,"column":75}},"16":{"start":{"line":33,"column":8},"end":{"line":33,"column":15}},"17":{"start":{"line":35,"column":29},"end":{"line":35,"column":74}},"18":{"start":{"line":37,"column":6},"end":{"line":51,"column":7}},"19":{"start":{"line":38,"column":24},"end":{"line":38,"column":66}},"20":{"start":{"line":40,"column":8},"end":{"line":48,"column":11}},"21":{"start":{"line":41,"column":10},"end":{"line":41,"column":62}},"22":{"start":{"line":41,"column":21},"end":{"line":41,"column":62}},"23":{"start":{"line":43,"column":10},"end":{"line":47,"column":13}},"24":{"start":{"line":50,"column":8},"end":{"line":50,"column":75}},"25":{"start":{"line":53,"column":6},"end":{"line":53,"column":47}},"26":{"start":{"line":57,"column":2},"end":{"line":57,"column":16}},"27":{"start":{"line":60,"column":0},"end":{"line":60,"column":28}}},"fnMap":{"0":{"name":"(anonymous_0)","decl":{"start":{"line":10,"column":20},"end":{"line":10,"column":21}},"loc":{"start":{"line":10,"column":26},"end":{"line":58,"column":1}},"line":10},"1":{"name":"(anonymous_1)","decl":{"start":{"line":13,"column":37},"end":{"line":13,"column":38}},"loc":{"start":{"line":13,"column":57},"end":{"line":24,"column":3}},"line":13},"2":{"name":"(anonymous_2)","decl":{"start":{"line":26,"column":34},"end":{"line":26,"column":35}},"loc":{"start":{"line":26,"column":54},"end":{"line":55,"column":3}},"line":26},"3":{"name":"(anonymous_3)","decl":{"start":{"line":40,"column":47},"end":{"line":40,"column":48}},"loc":{"start":{"line":40,"column":62},"end":{"line":48,"column":9}},"line":40}},"branchMap":{"0":{"loc":{"start":{"line":31,"column":6},"end":{"line":34,"column":7}},"type":"if","locations":[{"start":{"line":31,"column":6},"end":{"line":34,"column":7}},{"start":{"line":31,"column":6},"end":{"line":34,"column":7}}],"line":31},"1":{"loc":{"start":{"line":37,"column":6},"end":{"line":51,"column":7}},"type":"if","locations":[{"start":{"line":37,"column":6},"end":{"line":51,"column":7}},{"start":{"line":37,"column":6},"end":{"line":51,"column":7}}],"line":37},"2":{"loc":{"start":{"line":41,"column":10},"end":{"line":41,"column":62}},"type":"if","locations":[{"start":{"line":41,"column":10},"end":{"line":41,"column":62}},{"start":{"line":41,"column":10},"end":{"line":41,"column":62}}],"line":41}},"s":{"0":3,"1":3,"2":3,"3":1,"4":1,"5":1,"6":1,"7":1,"8":1,"9":0,"10":3,"11":2,"12":2,"13":2,"14":2,"15":0,"16":0,"17":2,"18":2,"19":1,"20":1,"21":1,"22":0,"23":1,"24":1,"25":0,"26":3,"27":3},"f":{"0":3,"1":1,"2":2,"3":1},"b":{"0":[0,2],"1":[1,1],"2":[0,1]},"_coverageSchema":"43e27e138ebf9cfc5966b082cf9a028302ed4184","hash":"c449781d746280805cf68a65bad2f6921da6c5dd"}
,"D:\\Workplace\\hy\\work\\Dylan_Test\\test_backend\\src\\authentication\\model.js": {"path":"D:\\Workplace\\hy\\work\\Dylan_Test\\test_backend\\src\\authentication\\model.js","statementMap":{"0":{"start":{"line":3,"column":19},"end":{"line":13,"column":2}},"1":{"start":{"line":15,"column":24},"end":{"line":15,"column":58}}},"fnMap":{},"branchMap":{},"s":{"0":4,"1":4},"f":{},"b":{},"_coverageSchema":"43e27e138ebf9cfc5966b082cf9a028302ed4184","hash":"f61bb4ff783ca38fa65e5e9b654b501bedc15269"}
,"D:\\Workplace\\hy\\work\\Dylan_Test\\test_backend\\src\\authentication\\validate.js": {"path":"D:\\Workplace\\hy\\work\\Dylan_Test\\test_backend\\src\\authentication\\validate.js","statementMap":{"0":{"start":{"line":1,"column":18},"end":{"line":1,"column":38}},"1":{"start":{"line":4,"column":33},"end":{"line":4,"column":41}},"2":{"start":{"line":5,"column":17},"end":{"line":5,"column":19}},"3":{"start":{"line":6,"column":2},"end":{"line":8,"column":3}},"4":{"start":{"line":7,"column":4},"end":{"line":7,"column":39}},"5":{"start":{"line":9,"column":2},"end":{"line":11,"column":3}},"6":{"start":{"line":10,"column":4},"end":{"line":10,"column":37}},"7":{"start":{"line":12,"column":2},"end":{"line":13,"column":14}},"8":{"start":{"line":12,"column":21},"end":{"line":12,"column":63}},"9":{"start":{"line":13,"column":7},"end":{"line":13,"column":14}}},"fnMap":{"0":{"name":"(anonymous_0)","decl":{"start":{"line":3,"column":15},"end":{"line":3,"column":16}},"loc":{"start":{"line":3,"column":40},"end":{"line":14,"column":1}},"line":3}},"branchMap":{"0":{"loc":{"start":{"line":6,"column":2},"end":{"line":8,"column":3}},"type":"if","locations":[{"start":{"line":6,"column":2},"end":{"line":8,"column":3}},{"start":{"line":6,"column":2},"end":{"line":8,"column":3}}],"line":6},"1":{"loc":{"start":{"line":6,"column":6},"end":{"line":6,"column":46}},"type":"binary-expr","locations":[{"start":{"line":6,"column":6},"end":{"line":6,"column":15}},{"start":{"line":6,"column":19},"end":{"line":6,"column":46}}],"line":6},"2":{"loc":{"start":{"line":9,"column":2},"end":{"line":11,"column":3}},"type":"if","locations":[{"start":{"line":9,"column":2},"end":{"line":11,"column":3}},{"start":{"line":9,"column":2},"end":{"line":11,"column":3}}],"line":9},"3":{"loc":{"start":{"line":9,"column":6},"end":{"line":9,"column":46}},"type":"binary-expr","locations":[{"start":{"line":9,"column":6},"end":{"line":9,"column":15}},{"start":{"line":9,"column":19},"end":{"line":9,"column":46}}],"line":9},"4":{"loc":{"start":{"line":12,"column":2},"end":{"line":13,"column":14}},"type":"if","locations":[{"start":{"line":12,"column":2},"end":{"line":13,"column":14}},{"start":{"line":12,"column":2},"end":{"line":13,"column":14}}],"line":12}},"s":{"0":4,"1":2,"2":2,"3":2,"4":0,"5":2,"6":1,"7":2,"8":1,"9":1},"f":{"0":2},"b":{"0":[0,2],"1":[2,2],"2":[1,1],"3":[2,1],"4":[1,1]},"_coverageSchema":"43e27e138ebf9cfc5966b082cf9a028302ed4184","hash":"36cdf783981cb277fa49f9478b1f4df4f30682b1"}
,"D:\\Workplace\\hy\\work\\Dylan_Test\\test_backend\\src\\core\\mongoose.js": {"path":"D:\\Workplace\\hy\\work\\Dylan_Test\\test_backend\\src\\core\\mongoose.js","statementMap":{"0":{"start":{"line":5,"column":0},"end":{"line":5,"column":83}},"1":{"start":{"line":6,"column":0},"end":{"line":6,"column":37}}},"fnMap":{},"branchMap":{},"s":{"0":3,"1":3},"f":{},"b":{},"_coverageSchema":"43e27e138ebf9cfc5966b082cf9a028302ed4184","hash":"f8df9144d24452fee4d1c577fcb9493f27f0ca26"}
,"D:\\Workplace\\hy\\work\\Dylan_Test\\test_backend\\src\\core\\passport.js": {"path":"D:\\Workplace\\hy\\work\\Dylan_Test\\test_backend\\src\\core\\passport.js","statementMap":{"0":{"start":{"line":6,"column":0},"end":{"line":23,"column":2}},"1":{"start":{"line":13,"column":6},"end":{"line":20,"column":7}},"2":{"start":{"line":14,"column":8},"end":{"line":14,"column":74}},"3":{"start":{"line":14,"column":45},"end":{"line":14,"column":74}},"4":{"start":{"line":15,"column":21},"end":{"line":15,"column":54}},"5":{"start":{"line":16,"column":21},"end":{"line":16,"column":56}},"6":{"start":{"line":17,"column":8},"end":{"line":17,"column":32}},"7":{"start":{"line":19,"column":8},"end":{"line":19,"column":27}},"8":{"start":{"line":27,"column":20},"end":{"line":27,"column":68}}},"fnMap":{"0":{"name":"(anonymous_0)","decl":{"start":{"line":12,"column":4},"end":{"line":12,"column":5}},"loc":{"start":{"line":12,"column":32},"end":{"line":21,"column":5}},"line":12}},"branchMap":{"0":{"loc":{"start":{"line":14,"column":8},"end":{"line":14,"column":74}},"type":"if","locations":[{"start":{"line":14,"column":8},"end":{"line":14,"column":74}},{"start":{"line":14,"column":8},"end":{"line":14,"column":74}}],"line":14}},"s":{"0":2,"1":1,"2":1,"3":0,"4":1,"5":1,"6":0,"7":0,"8":2},"f":{"0":1},"b":{"0":[0,1]},"_coverageSchema":"43e27e138ebf9cfc5966b082cf9a028302ed4184","hash":"eefbd60cfdecf7a56f7890ff4e51b630f2c9b31b"}
,"D:\\Workplace\\hy\\work\\Dylan_Test\\test_backend\\src\\profile\\index.js": {"path":"D:\\Workplace\\hy\\work\\Dylan_Test\\test_backend\\src\\profile\\index.js","statementMap":{"0":{"start":{"line":8,"column":19},"end":{"line":31,"column":4}},"1":{"start":{"line":9,"column":17},"end":{"line":9,"column":25}},"2":{"start":{"line":11,"column":2},"end":{"line":15,"column":5}},"3":{"start":{"line":12,"column":18},"end":{"line":12,"column":67}},"4":{"start":{"line":13,"column":4},"end":{"line":13,"column":31}},"5":{"start":{"line":13,"column":18},"end":{"line":13,"column":31}},"6":{"start":{"line":14,"column":4},"end":{"line":14,"column":34}},"7":{"start":{"line":17,"column":2},"end":{"line":28,"column":5}},"8":{"start":{"line":18,"column":18},"end":{"line":18,"column":67}},"9":{"start":{"line":19,"column":4},"end":{"line":25,"column":5}},"10":{"start":{"line":20,"column":6},"end":{"line":20,"column":69}},"11":{"start":{"line":22,"column":6},"end":{"line":24,"column":7}},"12":{"start":{"line":23,"column":8},"end":{"line":23,"column":37}},"13":{"start":{"line":26,"column":4},"end":{"line":26,"column":25}},"14":{"start":{"line":27,"column":4},"end":{"line":27,"column":57}},"15":{"start":{"line":30,"column":2},"end":{"line":30,"column":16}},"16":{"start":{"line":33,"column":0},"end":{"line":33,"column":31}}},"fnMap":{"0":{"name":"(anonymous_0)","decl":{"start":{"line":8,"column":20},"end":{"line":8,"column":21}},"loc":{"start":{"line":8,"column":26},"end":{"line":31,"column":1}},"line":8},"1":{"name":"(anonymous_1)","decl":{"start":{"line":11,"column":33},"end":{"line":11,"column":34}},"loc":{"start":{"line":11,"column":53},"end":{"line":15,"column":3}},"line":11},"2":{"name":"(anonymous_2)","decl":{"start":{"line":17,"column":44},"end":{"line":17,"column":45}},"loc":{"start":{"line":17,"column":64},"end":{"line":28,"column":3}},"line":17}},"branchMap":{"0":{"loc":{"start":{"line":13,"column":4},"end":{"line":13,"column":31}},"type":"if","locations":[{"start":{"line":13,"column":4},"end":{"line":13,"column":31}},{"start":{"line":13,"column":4},"end":{"line":13,"column":31}}],"line":13},"1":{"loc":{"start":{"line":19,"column":4},"end":{"line":25,"column":5}},"type":"if","locations":[{"start":{"line":19,"column":4},"end":{"line":25,"column":5}},{"start":{"line":19,"column":4},"end":{"line":25,"column":5}}],"line":19}},"s":{"0":1,"1":1,"2":1,"3":1,"4":1,"5":0,"6":1,"7":1,"8":1,"9":1,"10":0,"11":1,"12":6,"13":1,"14":1,"15":1,"16":1},"f":{"0":1,"1":1,"2":1},"b":{"0":[0,1],"1":[0,1]},"_coverageSchema":"43e27e138ebf9cfc5966b082cf9a028302ed4184","hash":"dd30982c97afe1d094f24d2f1a050d5c8284542c"}
,"D:\\Workplace\\hy\\work\\Dylan_Test\\test_backend\\src\\profile\\model.js": {"path":"D:\\Workplace\\hy\\work\\Dylan_Test\\test_backend\\src\\profile\\model.js","statementMap":{"0":{"start":{"line":3,"column":22},"end":{"line":32,"column":2}},"1":{"start":{"line":34,"column":27},"end":{"line":34,"column":67}}},"fnMap":{},"branchMap":{},"s":{"0":1,"1":1},"f":{},"b":{},"_coverageSchema":"43e27e138ebf9cfc5966b082cf9a028302ed4184","hash":"9c6594b027553fbec6f5819af39137ea044d0df9"}
,"D:\\Workplace\\hy\\work\\Dylan_Test\\test_backend\\src\\profile\\validate.js": {"path":"D:\\Workplace\\hy\\work\\Dylan_Test\\test_backend\\src\\profile\\validate.js","statementMap":{"0":{"start":{"line":1,"column":18},"end":{"line":1,"column":38}},"1":{"start":{"line":4,"column":67},"end":{"line":4,"column":75}},"2":{"start":{"line":5,"column":17},"end":{"line":5,"column":19}},"3":{"start":{"line":6,"column":2},"end":{"line":8,"column":3}},"4":{"start":{"line":7,"column":4},"end":{"line":7,"column":48}},"5":{"start":{"line":9,"column":2},"end":{"line":11,"column":3}},"6":{"start":{"line":10,"column":4},"end":{"line":10,"column":48}},"7":{"start":{"line":12,"column":2},"end":{"line":14,"column":3}},"8":{"start":{"line":13,"column":4},"end":{"line":13,"column":48}},"9":{"start":{"line":15,"column":2},"end":{"line":17,"column":3}},"10":{"start":{"line":16,"column":4},"end":{"line":16,"column":44}},"11":{"start":{"line":18,"column":2},"end":{"line":20,"column":3}},"12":{"start":{"line":19,"column":4},"end":{"line":19,"column":45}},"13":{"start":{"line":21,"column":2},"end":{"line":23,"column":3}},"14":{"start":{"line":22,"column":4},"end":{"line":22,"column":47}},"15":{"start":{"line":24,"column":2},"end":{"line":25,"column":14}},"16":{"start":{"line":24,"column":21},"end":{"line":24,"column":63}},"17":{"start":{"line":25,"column":7},"end":{"line":25,"column":14}}},"fnMap":{"0":{"name":"(anonymous_0)","decl":{"start":{"line":3,"column":15},"end":{"line":3,"column":16}},"loc":{"start":{"line":3,"column":40},"end":{"line":26,"column":1}},"line":3}},"branchMap":{"0":{"loc":{"start":{"line":6,"column":2},"end":{"line":8,"column":3}},"type":"if","locations":[{"start":{"line":6,"column":2},"end":{"line":8,"column":3}},{"start":{"line":6,"column":2},"end":{"line":8,"column":3}}],"line":6},"1":{"loc":{"start":{"line":6,"column":6},"end":{"line":6,"column":69}},"type":"binary-expr","locations":[{"start":{"line":6,"column":6},"end":{"line":6,"column":15}},{"start":{"line":6,"column":19},"end":{"line":6,"column":69}}],"line":6},"2":{"loc":{"start":{"line":9,"column":2},"end":{"line":11,"column":3}},"type":"if","locations":[{"start":{"line":9,"column":2},"end":{"line":11,"column":3}},{"start":{"line":9,"column":2},"end":{"line":11,"column":3}}],"line":9},"3":{"loc":{"start":{"line":9,"column":6},"end":{"line":9,"column":72}},"type":"binary-expr","locations":[{"start":{"line":9,"column":6},"end":{"line":9,"column":16}},{"start":{"line":9,"column":20},"end":{"line":9,"column":72}}],"line":9},"4":{"loc":{"start":{"line":12,"column":2},"end":{"line":14,"column":3}},"type":"if","locations":[{"start":{"line":12,"column":2},"end":{"line":14,"column":3}},{"start":{"line":12,"column":2},"end":{"line":14,"column":3}}],"line":12},"5":{"loc":{"start":{"line":12,"column":6},"end":{"line":12,"column":71}},"type":"binary-expr","locations":[{"start":{"line":12,"column":6},"end":{"line":12,"column":15}},{"start":{"line":12,"column":19},"end":{"line":12,"column":71}}],"line":12},"6":{"loc":{"start":{"line":15,"column":2},"end":{"line":17,"column":3}},"type":"if","locations":[{"start":{"line":15,"column":2},"end":{"line":17,"column":3}},{"start":{"line":15,"column":2},"end":{"line":17,"column":3}}],"line":15},"7":{"loc":{"start":{"line":15,"column":6},"end":{"line":15,"column":62}},"type":"binary-expr","locations":[{"start":{"line":15,"column":6},"end":{"line":15,"column":11}},{"start":{"line":15,"column":15},"end":{"line":15,"column":62}}],"line":15},"8":{"loc":{"start":{"line":18,"column":2},"end":{"line":20,"column":3}},"type":"if","locations":[{"start":{"line":18,"column":2},"end":{"line":20,"column":3}},{"start":{"line":18,"column":2},"end":{"line":20,"column":3}}],"line":18},"9":{"loc":{"start":{"line":18,"column":6},"end":{"line":18,"column":62}},"type":"binary-expr","locations":[{"start":{"line":18,"column":6},"end":{"line":18,"column":12}},{"start":{"line":18,"column":16},"end":{"line":18,"column":62}}],"line":18},"10":{"loc":{"start":{"line":21,"column":2},"end":{"line":23,"column":3}},"type":"if","locations":[{"start":{"line":21,"column":2},"end":{"line":23,"column":3}},{"start":{"line":21,"column":2},"end":{"line":23,"column":3}}],"line":21},"11":{"loc":{"start":{"line":21,"column":6},"end":{"line":21,"column":66}},"type":"binary-expr","locations":[{"start":{"line":21,"column":6},"end":{"line":21,"column":14}},{"start":{"line":21,"column":18},"end":{"line":21,"column":66}}],"line":21},"12":{"loc":{"start":{"line":24,"column":2},"end":{"line":25,"column":14}},"type":"if","locations":[{"start":{"line":24,"column":2},"end":{"line":25,"column":14}},{"start":{"line":24,"column":2},"end":{"line":25,"column":14}}],"line":24}},"s":{"0":2,"1":2,"2":2,"3":2,"4":0,"5":2,"6":0,"7":2,"8":0,"9":2,"10":1,"11":2,"12":1,"13":2,"14":1,"15":2,"16":1,"17":1},"f":{"0":2},"b":{"0":[0,2],"1":[2,2],"2":[0,2],"3":[2,2],"4":[0,2],"5":[2,0],"6":[1,1],"7":[2,1],"8":[1,1],"9":[2,1],"10":[1,1],"11":[2,1],"12":[1,1]},"_coverageSchema":"43e27e138ebf9cfc5966b082cf9a028302ed4184","hash":"f4007055f1cae98033422868e4b400b235f11c88"}
,"D:\\Workplace\\hy\\work\\Dylan_Test\\test_backend\\src\\quote\\index.js": {"path":"D:\\Workplace\\hy\\work\\Dylan_Test\\test_backend\\src\\quote\\index.js","statementMap":{"0":{"start":{"line":8,"column":19},"end":{"line":39,"column":4}},"1":{"start":{"line":9,"column":17},"end":{"line":9,"column":25}},"2":{"start":{"line":11,"column":2},"end":{"line":14,"column":5}},"3":{"start":{"line":12,"column":17},"end":{"line":12,"column":61}},"4":{"start":{"line":13,"column":4},"end":{"line":13,"column":31}},"5":{"start":{"line":16,"column":2},"end":{"line":20,"column":5}},"6":{"start":{"line":17,"column":17},"end":{"line":17,"column":67}},"7":{"start":{"line":18,"column":4},"end":{"line":18,"column":22}},"8":{"start":{"line":19,"column":4},"end":{"line":19,"column":20}},"9":{"start":{"line":22,"column":2},"end":{"line":31,"column":5}},"10":{"start":{"line":23,"column":17},"end":{"line":23,"column":64}},"11":{"start":{"line":24,"column":4},"end":{"line":30,"column":5}},"12":{"start":{"line":25,"column":6},"end":{"line":25,"column":60}},"13":{"start":{"line":25,"column":34},"end":{"line":25,"column":60}},"14":{"start":{"line":26,"column":6},"end":{"line":26,"column":24}},"15":{"start":{"line":27,"column":6},"end":{"line":27,"column":31}},"16":{"start":{"line":29,"column":6},"end":{"line":29,"column":31}},"17":{"start":{"line":33,"column":2},"end":{"line":36,"column":5}},"18":{"start":{"line":34,"column":4},"end":{"line":34,"column":54}},"19":{"start":{"line":35,"column":4},"end":{"line":35,"column":29}},"20":{"start":{"line":38,"column":2},"end":{"line":38,"column":16}},"21":{"start":{"line":41,"column":0},"end":{"line":41,"column":29}}},"fnMap":{"0":{"name":"(anonymous_0)","decl":{"start":{"line":8,"column":20},"end":{"line":8,"column":21}},"loc":{"start":{"line":8,"column":26},"end":{"line":39,"column":1}},"line":8},"1":{"name":"(anonymous_1)","decl":{"start":{"line":11,"column":31},"end":{"line":11,"column":32}},"loc":{"start":{"line":11,"column":51},"end":{"line":14,"column":3}},"line":11},"2":{"name":"(anonymous_2)","decl":{"start":{"line":16,"column":44},"end":{"line":16,"column":45}},"loc":{"start":{"line":16,"column":64},"end":{"line":20,"column":3}},"line":16},"3":{"name":"(anonymous_3)","decl":{"start":{"line":22,"column":46},"end":{"line":22,"column":47}},"loc":{"start":{"line":22,"column":66},"end":{"line":31,"column":3}},"line":22},"4":{"name":"(anonymous_4)","decl":{"start":{"line":33,"column":39},"end":{"line":33,"column":40}},"loc":{"start":{"line":33,"column":59},"end":{"line":36,"column":3}},"line":33}},"branchMap":{"0":{"loc":{"start":{"line":24,"column":4},"end":{"line":30,"column":5}},"type":"if","locations":[{"start":{"line":24,"column":4},"end":{"line":30,"column":5}},{"start":{"line":24,"column":4},"end":{"line":30,"column":5}}],"line":24}},"s":{"0":1,"1":1,"2":1,"3":1,"4":1,"5":1,"6":1,"7":1,"8":1,"9":1,"10":1,"11":1,"12":1,"13":5,"14":1,"15":1,"16":0,"17":1,"18":0,"19":0,"20":1,"21":1},"f":{"0":1,"1":1,"2":1,"3":1,"4":0},"b":{"0":[1,0]},"_coverageSchema":"43e27e138ebf9cfc5966b082cf9a028302ed4184","hash":"8410489dcd6fe171aa942e2d7003295b9d09754d"}
,"D:\\Workplace\\hy\\work\\Dylan_Test\\test_backend\\src\\quote\\model.js": {"path":"D:\\Workplace\\hy\\work\\Dylan_Test\\test_backend\\src\\quote\\model.js","statementMap":{"0":{"start":{"line":3,"column":20},"end":{"line":28,"column":2}},"1":{"start":{"line":30,"column":25},"end":{"line":30,"column":61}}},"fnMap":{},"branchMap":{},"s":{"0":1,"1":1},"f":{},"b":{},"_coverageSchema":"43e27e138ebf9cfc5966b082cf9a028302ed4184","hash":"699403f93d7b1bdf45c63fe19dd3cacaeb1aebd2"}
,"D:\\Workplace\\hy\\work\\Dylan_Test\\test_backend\\src\\quote\\validate.js": {"path":"D:\\Workplace\\hy\\work\\Dylan_Test\\test_backend\\src\\quote\\validate.js","statementMap":{"0":{"start":{"line":1,"column":18},"end":{"line":1,"column":38}},"1":{"start":{"line":10,"column":6},"end":{"line":10,"column":14}},"2":{"start":{"line":11,"column":17},"end":{"line":11,"column":19}},"3":{"start":{"line":12,"column":2},"end":{"line":14,"column":3}},"4":{"start":{"line":13,"column":4},"end":{"line":13,"column":50}},"5":{"start":{"line":15,"column":2},"end":{"line":17,"column":3}},"6":{"start":{"line":16,"column":4},"end":{"line":16,"column":45}},"7":{"start":{"line":18,"column":2},"end":{"line":20,"column":3}},"8":{"start":{"line":19,"column":4},"end":{"line":19,"column":53}},"9":{"start":{"line":21,"column":2},"end":{"line":23,"column":3}},"10":{"start":{"line":22,"column":4},"end":{"line":22,"column":59}},"11":{"start":{"line":24,"column":2},"end":{"line":26,"column":3}},"12":{"start":{"line":25,"column":4},"end":{"line":25,"column":60}},"13":{"start":{"line":27,"column":2},"end":{"line":28,"column":14}},"14":{"start":{"line":27,"column":21},"end":{"line":27,"column":63}},"15":{"start":{"line":28,"column":7},"end":{"line":28,"column":14}}},"fnMap":{"0":{"name":"(anonymous_0)","decl":{"start":{"line":3,"column":15},"end":{"line":3,"column":16}},"loc":{"start":{"line":3,"column":40},"end":{"line":29,"column":1}},"line":3}},"branchMap":{"0":{"loc":{"start":{"line":12,"column":2},"end":{"line":14,"column":3}},"type":"if","locations":[{"start":{"line":12,"column":2},"end":{"line":14,"column":3}},{"start":{"line":12,"column":2},"end":{"line":14,"column":3}}],"line":12},"1":{"loc":{"start":{"line":12,"column":6},"end":{"line":12,"column":91}},"type":"binary-expr","locations":[{"start":{"line":12,"column":6},"end":{"line":12,"column":24}},{"start":{"line":12,"column":28},"end":{"line":12,"column":65}},{"start":{"line":12,"column":69},"end":{"line":12,"column":91}}],"line":12},"2":{"loc":{"start":{"line":15,"column":2},"end":{"line":17,"column":3}},"type":"if","locations":[{"start":{"line":15,"column":2},"end":{"line":17,"column":3}},{"start":{"line":15,"column":2},"end":{"line":17,"column":3}}],"line":15},"3":{"loc":{"start":{"line":15,"column":6},"end":{"line":15,"column":76}},"type":"binary-expr","locations":[{"start":{"line":15,"column":6},"end":{"line":15,"column":23}},{"start":{"line":15,"column":27},"end":{"line":15,"column":76}}],"line":15},"4":{"loc":{"start":{"line":18,"column":2},"end":{"line":20,"column":3}},"type":"if","locations":[{"start":{"line":18,"column":2},"end":{"line":20,"column":3}},{"start":{"line":18,"column":2},"end":{"line":20,"column":3}}],"line":18},"5":{"loc":{"start":{"line":18,"column":6},"end":{"line":18,"column":56}},"type":"binary-expr","locations":[{"start":{"line":18,"column":6},"end":{"line":18,"column":20}},{"start":{"line":18,"column":24},"end":{"line":18,"column":56}}],"line":18},"6":{"loc":{"start":{"line":21,"column":2},"end":{"line":23,"column":3}},"type":"if","locations":[{"start":{"line":21,"column":2},"end":{"line":23,"column":3}},{"start":{"line":21,"column":2},"end":{"line":23,"column":3}}],"line":21},"7":{"loc":{"start":{"line":21,"column":6},"end":{"line":21,"column":85}},"type":"binary-expr","locations":[{"start":{"line":21,"column":6},"end":{"line":21,"column":22}},{"start":{"line":21,"column":26},"end":{"line":21,"column":61}},{"start":{"line":21,"column":65},"end":{"line":21,"column":85}}],"line":21},"8":{"loc":{"start":{"line":24,"column":2},"end":{"line":26,"column":3}},"type":"if","locations":[{"start":{"line":24,"column":2},"end":{"line":26,"column":3}},{"start":{"line":24,"column":2},"end":{"line":26,"column":3}}],"line":24},"9":{"loc":{"start":{"line":24,"column":6},"end":{"line":24,"column":88}},"type":"binary-expr","locations":[{"start":{"line":24,"column":6},"end":{"line":24,"column":23}},{"start":{"line":24,"column":27},"end":{"line":24,"column":63}},{"start":{"line":24,"column":67},"end":{"line":24,"column":88}}],"line":24},"10":{"loc":{"start":{"line":27,"column":2},"end":{"line":28,"column":14}},"type":"if","locations":[{"start":{"line":27,"column":2},"end":{"line":28,"column":14}},{"start":{"line":27,"column":2},"end":{"line":28,"column":14}}],"line":27}},"s":{"0":2,"1":2,"2":2,"3":2,"4":1,"5":2,"6":1,"7":2,"8":1,"9":2,"10":1,"11":2,"12":1,"13":2,"14":1,"15":1},"f":{"0":2},"b":{"0":[1,1],"1":[2,1,1],"2":[1,1],"3":[2,1],"4":[1,1],"5":[2,1],"6":[1,1],"7":[2,1,1],"8":[1,1],"9":[2,1,1],"10":[1,1]},"_coverageSchema":"43e27e138ebf9cfc5966b082cf9a028302ed4184","hash":"a806e05624977cc1f0f5a5e9f68d130fa647a710"}
}
