TN:
SF:D:\Workplace\hy\work\Dylan_Test\test_backend\src\env.js
FNF:0
FNH:0
DA:1,3
DA:3,3
DA:4,3
DA:6,3
DA:8,3
LF:5
LH:5
BRDA:1,0,0,3
BRDA:1,0,1,0
BRDA:3,1,0,3
BRDA:3,1,1,3
BRDA:4,2,0,3
BRDA:4,2,1,3
BRDA:6,3,0,3
BRDA:6,3,1,3
BRDA:8,4,0,3
BRDA:8,4,1,3
BRF:10
BRH:9
end_of_record
TN:
SF:D:\Workplace\hy\work\Dylan_Test\test_backend\src\authentication\index.js
FN:10,(anonymous_0)
FN:13,(anonymous_1)
FN:26,(anonymous_2)
FN:40,(anonymous_3)
FNF:4
FNH:4
FNDA:3,(anonymous_0)
FNDA:1,(anonymous_1)
FNDA:2,(anonymous_2)
FNDA:1,(anonymous_3)
DA:10,3
DA:11,3
DA:13,3
DA:14,1
DA:16,1
DA:17,1
DA:18,1
DA:19,1
DA:20,1
DA:22,0
DA:26,3
DA:27,2
DA:29,2
DA:30,2
DA:31,2
DA:32,0
DA:33,0
DA:35,2
DA:37,2
DA:38,1
DA:40,1
DA:41,1
DA:43,1
DA:50,1
DA:53,0
DA:57,3
DA:60,3
LF:27
LH:23
BRDA:31,0,0,0
BRDA:31,0,1,2
BRDA:37,1,0,1
BRDA:37,1,1,1
BRDA:41,2,0,0
BRDA:41,2,1,1
BRF:6
BRH:4
end_of_record
TN:
SF:D:\Workplace\hy\work\Dylan_Test\test_backend\src\authentication\model.js
FNF:0
FNH:0
DA:3,4
DA:15,4
LF:2
LH:2
BRF:0
BRH:0
end_of_record
TN:
SF:D:\Workplace\hy\work\Dylan_Test\test_backend\src\authentication\validate.js
FN:3,(anonymous_0)
FNF:1
FNH:1
FNDA:2,(anonymous_0)
DA:1,4
DA:4,2
DA:5,2
DA:6,2
DA:7,0
DA:9,2
DA:10,1
DA:12,2
DA:13,1
LF:9
LH:8
BRDA:6,0,0,0
BRDA:6,0,1,2
BRDA:6,1,0,2
BRDA:6,1,1,2
BRDA:9,2,0,1
BRDA:9,2,1,1
BRDA:9,3,0,2
BRDA:9,3,1,1
BRDA:12,4,0,1
BRDA:12,4,1,1
BRF:10
BRH:9
end_of_record
TN:
SF:D:\Workplace\hy\work\Dylan_Test\test_backend\src\core\mongoose.js
FNF:0
FNH:0
DA:5,3
DA:6,3
LF:2
LH:2
BRF:0
BRH:0
end_of_record
TN:
SF:D:\Workplace\hy\work\Dylan_Test\test_backend\src\core\passport.js
FN:12,(anonymous_0)
FNF:1
FNH:1
FNDA:1,(anonymous_0)
DA:6,2
DA:13,1
DA:14,1
DA:15,1
DA:16,1
DA:17,0
DA:19,0
DA:27,2
LF:8
LH:6
BRDA:14,0,0,0
BRDA:14,0,1,1
BRF:2
BRH:1
end_of_record
TN:
SF:D:\Workplace\hy\work\Dylan_Test\test_backend\src\profile\index.js
FN:8,(anonymous_0)
FN:11,(anonymous_1)
FN:17,(anonymous_2)
FNF:3
FNH:3
FNDA:1,(anonymous_0)
FNDA:1,(anonymous_1)
FNDA:1,(anonymous_2)
DA:8,1
DA:9,1
DA:11,1
DA:12,1
DA:13,1
DA:14,1
DA:17,1
DA:18,1
DA:19,1
DA:20,0
DA:22,1
DA:23,6
DA:26,1
DA:27,1
DA:30,1
DA:33,1
LF:16
LH:15
BRDA:13,0,0,0
BRDA:13,0,1,1
BRDA:19,1,0,0
BRDA:19,1,1,1
BRF:4
BRH:2
end_of_record
TN:
SF:D:\Workplace\hy\work\Dylan_Test\test_backend\src\profile\model.js
FNF:0
FNH:0
DA:3,1
DA:34,1
LF:2
LH:2
BRF:0
BRH:0
end_of_record
TN:
SF:D:\Workplace\hy\work\Dylan_Test\test_backend\src\profile\validate.js
FN:3,(anonymous_0)
FNF:1
FNH:1
FNDA:2,(anonymous_0)
DA:1,2
DA:4,2
DA:5,2
DA:6,2
DA:7,0
DA:9,2
DA:10,0
DA:12,2
DA:13,0
DA:15,2
DA:16,1
DA:18,2
DA:19,1
DA:21,2
DA:22,1
DA:24,2
DA:25,1
LF:17
LH:14
BRDA:6,0,0,0
BRDA:6,0,1,2
BRDA:6,1,0,2
BRDA:6,1,1,2
BRDA:9,2,0,0
BRDA:9,2,1,2
BRDA:9,3,0,2
BRDA:9,3,1,2
BRDA:12,4,0,0
BRDA:12,4,1,2
BRDA:12,5,0,2
BRDA:12,5,1,0
BRDA:15,6,0,1
BRDA:15,6,1,1
BRDA:15,7,0,2
BRDA:15,7,1,1
BRDA:18,8,0,1
BRDA:18,8,1,1
BRDA:18,9,0,2
BRDA:18,9,1,1
BRDA:21,10,0,1
BRDA:21,10,1,1
BRDA:21,11,0,2
BRDA:21,11,1,1
BRDA:24,12,0,1
BRDA:24,12,1,1
BRF:26
BRH:22
end_of_record
TN:
SF:D:\Workplace\hy\work\Dylan_Test\test_backend\src\quote\index.js
FN:8,(anonymous_0)
FN:11,(anonymous_1)
FN:16,(anonymous_2)
FN:22,(anonymous_3)
FN:33,(anonymous_4)
FNF:5
FNH:4
FNDA:1,(anonymous_0)
FNDA:1,(anonymous_1)
FNDA:1,(anonymous_2)
FNDA:1,(anonymous_3)
FNDA:0,(anonymous_4)
DA:8,1
DA:9,1
DA:11,1
DA:12,1
DA:13,1
DA:16,1
DA:17,1
DA:18,1
DA:19,1
DA:22,1
DA:23,1
DA:24,1
DA:25,5
DA:26,1
DA:27,1
DA:29,0
DA:33,1
DA:34,0
DA:35,0
DA:38,1
DA:41,1
LF:21
LH:18
BRDA:24,0,0,1
BRDA:24,0,1,0
BRF:2
BRH:1
end_of_record
TN:
SF:D:\Workplace\hy\work\Dylan_Test\test_backend\src\quote\model.js
FNF:0
FNH:0
DA:3,1
DA:30,1
LF:2
LH:2
BRF:0
BRH:0
end_of_record
TN:
SF:D:\Workplace\hy\work\Dylan_Test\test_backend\src\quote\validate.js
FN:3,(anonymous_0)
FNF:1
FNH:1
FNDA:2,(anonymous_0)
DA:1,2
DA:10,2
DA:11,2
DA:12,2
DA:13,1
DA:15,2
DA:16,1
DA:18,2
DA:19,1
DA:21,2
DA:22,1
DA:24,2
DA:25,1
DA:27,2
DA:28,1
LF:15
LH:15
BRDA:12,0,0,1
BRDA:12,0,1,1
BRDA:12,1,0,2
BRDA:12,1,1,1
BRDA:12,1,2,1
BRDA:15,2,0,1
BRDA:15,2,1,1
BRDA:15,3,0,2
BRDA:15,3,1,1
BRDA:18,4,0,1
BRDA:18,4,1,1
BRDA:18,5,0,2
BRDA:18,5,1,1
BRDA:21,6,0,1
BRDA:21,6,1,1
BRDA:21,7,0,2
BRDA:21,7,1,1
BRDA:21,7,2,1
BRDA:24,8,0,1
BRDA:24,8,1,1
BRDA:24,9,0,2
BRDA:24,9,1,1
BRDA:24,9,2,1
BRDA:27,10,0,1
BRDA:27,10,1,1
BRF:25
BRH:25
end_of_record
